Build started 12/6/2015 12:42:25 PM.
     1>Project "C:\Users\Hawmalt\Desktop\TimEng\TimEng\TimEng\TimEng.vcxproj" on node 2 (Build target(s)).
     1>ClCompile:
         C:\Program Files (x86)\Microsoft Visual Studio 12.0\VC\bin\CL.exe /c /ZI /nologo /W3 /WX- /sdl /Od /Oy- /D WIN32 /D _DEBUG /D _LIB /D _UNICODE /D UNICODE /Gm /EHsc /RTC1 /MDd /GS /fp:precise /Zc:wchar_t /Zc:forScope /Fo"Debug\\" /Fd"Debug\vc120.pdb" /Gd /TP /analyze- /errorReport:prompt AudioEngine.cpp Camera2D.cpp CoreEngine.cpp GLSLProgram.cpp GameComponent.cpp GameObject.cpp IMainGame.cpp ImageLoader.cpp InputManager.cpp ParticleBatch2D.cpp ParticleEngine2D.cpp RenderingEngine.cpp ResourceManager.cpp ScreenList.cpp Sprite.cpp SpriteBatch.cpp SpriteFont.cpp TextureCache.cpp TimEng.cpp TimEngErrors.cpp Timing.cpp Window.cpp
         Timing.cpp
     1>c:\users\hawmalt\desktop\timeng\timeng\timeng\timing.cpp(25): warning C4244: 'initializing' : conversion from 'Uint32' to 'float', possible loss of data
     1>c:\users\hawmalt\desktop\timeng\timeng\timeng\timing.cpp(28): warning C4244: 'argument' : conversion from 'float' to 'Uint32', possible loss of data
     1>c:\users\hawmalt\desktop\timeng\timeng\timeng\timing.cpp(40): warning C4244: 'initializing' : conversion from 'Uint32' to 'float', possible loss of data
     1>c:\users\hawmalt\desktop\timeng\timeng\timeng\timing.cpp(43): warning C4244: '=' : conversion from 'Uint32' to 'float', possible loss of data
         TimEngErrors.cpp
         TimEng.cpp
         SpriteFont.cpp
     1>c:\users\hawmalt\desktop\timeng\timeng\timeng\spritefont.cpp(98): warning C4018: '<' : signed/unsigned mismatch
     1>c:\users\hawmalt\desktop\timeng\timeng\timeng\spritefont.cpp(108): warning C4244: '*=' : conversion from 'float' to 'unsigned char', possible loss of data
         AudioEngine.cpp
         Generating Code...
         Compiling...
         SpriteBatch.cpp
     1>c:\users\hawmalt\desktop\timeng\timeng\timeng\spritebatch.cpp(93): warning C4018: '<' : signed/unsigned mismatch
     1>c:\users\hawmalt\desktop\timeng\timeng\timeng\spritebatch.cpp(127): warning C4018: '<' : signed/unsigned mismatch
     1>c:\users\hawmalt\desktop\timeng\timeng\timeng\spritebatch.cpp(155): warning C4018: '<' : signed/unsigned mismatch
         Sprite.cpp
         ScreenList.cpp
         RenderingEngine.cpp
         ParticleEngine2D.cpp
         ParticleBatch2D.cpp
         IMainGame.cpp
         GameObject.cpp
         GameComponent.cpp
         CoreEngine.cpp
     1>c:\users\hawmalt\desktop\timeng\timeng\timeng\coreengine.cpp(30): warning C4244: 'argument' : conversion from 'Sint32' to 'float', possible loss of data
         Generating Code...
         Compiling...
         Window.cpp
         TextureCache.cpp
         ResourceManager.cpp
         InputManager.cpp
         ImageLoader.cpp
         GLSLProgram.cpp
         Camera2D.cpp
         Generating Code...
       Lib:
         C:\Program Files (x86)\Microsoft Visual Studio 12.0\VC\bin\Lib.exe /OUT:"C:\Users\Hawmalt\Desktop\TimEng\TimEng\Debug\TimEng.lib" SDL2.lib SDL2main.lib glew32s.lib glew32.lib opengl32.lib /NOLOGO Debug\AudioEngine.obj
         Debug\Camera2D.obj
         Debug\CoreEngine.obj
         Debug\GameComponent.obj
         Debug\GameObject.obj
         Debug\IMainGame.obj
         Debug\ParticleBatch2D.obj
         Debug\ParticleEngine2D.obj
         Debug\RenderingEngine.obj
         Debug\ScreenList.obj
         Debug\TimEngErrors.obj
         Debug\GLSLProgram.obj
         Debug\ImageLoader.obj
         Debug\InputManager.obj
         Debug\IOManager.obj
         Debug\picoPNG.obj
         Debug\ResourceManager.obj
         Debug\Sprite.obj
         Debug\SpriteBatch.obj
         Debug\SpriteFont.obj
         Debug\TextureCache.obj
         Debug\TimEng.obj
         Debug\Timing.obj
         Debug\Window.obj
     1>glew32.lib(glew32.dll) : warning LNK4006: _wglewIsSupported@4 already defined in glew32s.lib(glew.obj); second definition ignored
     1>glew32.lib(glew32.dll) : warning LNK4006: _wglewInit@0 already defined in glew32s.lib(glew.obj); second definition ignored
     1>glew32.lib(glew32.dll) : warning LNK4006: _wglewGetExtension@4 already defined in glew32s.lib(glew.obj); second definition ignored
     1>glew32.lib(glew32.dll) : warning LNK4006: _glewIsSupported@4 already defined in glew32s.lib(glew.obj); second definition ignored
     1>glew32.lib(glew32.dll) : warning LNK4006: _glewInit@0 already defined in glew32s.lib(glew.obj); second definition ignored
     1>glew32.lib(glew32.dll) : warning LNK4006: _glewGetString@4 already defined in glew32s.lib(glew.obj); second definition ignored
     1>glew32.lib(glew32.dll) : warning LNK4006: _glewGetExtension@4 already defined in glew32s.lib(glew.obj); second definition ignored
     1>glew32.lib(glew32.dll) : warning LNK4006: _glewGetErrorString@4 already defined in glew32s.lib(glew.obj); second definition ignored
     1>glew32.lib(glew32.dll) : warning LNK4006: __NULL_IMPORT_DESCRIPTOR already defined in SDL2.lib(SDL2.dll); second definition ignored
     1>glew32.lib(glew32.dll) : warning LNK4221: This object file does not define any previously undefined public symbols, so it will not be used by any link operation that consumes this library
     1>opengl32.lib(OPENGL32.dll) : warning LNK4006: __NULL_IMPORT_DESCRIPTOR already defined in SDL2.lib(SDL2.dll); second definition ignored
     1>opengl32.lib(OPENGL32.dll) : warning LNK4221: This object file does not define any previously undefined public symbols, so it will not be used by any link operation that consumes this library
         TimEng.vcxproj -> C:\Users\Hawmalt\Desktop\TimEng\TimEng\Debug\TimEng.lib
     1>Done Building Project "C:\Users\Hawmalt\Desktop\TimEng\TimEng\TimEng\TimEng.vcxproj" (Build target(s)).

Build succeeded.

Time Elapsed 00:01:38.20
