c:\users\hawmalt\desktop\timeng\timeng\timeng\debug\vc120.pdb
c:\users\hawmalt\desktop\timeng\timeng\timeng\debug\vc120.idb
c:\users\hawmalt\desktop\timeng\timeng\timeng\debug\camera2d.obj
c:\users\hawmalt\desktop\timeng\timeng\timeng\debug\errors.obj
c:\users\hawmalt\desktop\timeng\timeng\timeng\debug\glslprogram.obj
c:\users\hawmalt\desktop\timeng\timeng\timeng\debug\imageloader.obj
c:\users\hawmalt\desktop\timeng\timeng\timeng\debug\inputmanager.obj
c:\users\hawmalt\desktop\timeng\timeng\timeng\debug\iomanager.obj
c:\users\hawmalt\desktop\timeng\timeng\timeng\debug\picopng.obj
c:\users\hawmalt\desktop\timeng\timeng\timeng\debug\resourcemanager.obj
c:\users\hawmalt\desktop\timeng\timeng\timeng\debug\sprite.obj
c:\users\hawmalt\desktop\timeng\timeng\timeng\debug\spritebatch.obj
c:\users\hawmalt\desktop\timeng\timeng\timeng\debug\spritefont.obj
c:\users\hawmalt\desktop\timeng\timeng\timeng\debug\texturecache.obj
c:\users\hawmalt\desktop\timeng\timeng\timeng\debug\timeng.obj
c:\users\hawmalt\desktop\timeng\timeng\timeng\debug\timing.obj
c:\users\hawmalt\desktop\timeng\timeng\timeng\debug\window.obj
c:\users\hawmalt\desktop\timeng\timeng\timeng\debug\audioengine.obj
c:\users\hawmalt\desktop\timeng\timeng\timeng\debug\imaingame.obj
c:\users\hawmalt\desktop\timeng\timeng\timeng\debug\particlebatch2d.obj
c:\users\hawmalt\desktop\timeng\timeng\timeng\debug\particleengine2d.obj
c:\users\hawmalt\desktop\timeng\timeng\timeng\debug\screenlist.obj
c:\users\hawmalt\desktop\timeng\timeng\timeng\debug\timengerrors.obj
c:\users\hawmalt\desktop\timeng\timeng\timeng\debug\gamecomponent.obj
c:\users\hawmalt\desktop\timeng\timeng\timeng\debug\gameobject.obj
c:\users\hawmalt\desktop\timeng\timeng\timeng\debug\renderingengine.obj
c:\users\hawmalt\desktop\timeng\timeng\timeng\debug\coreengine.obj
c:\users\hawmalt\desktop\timeng\timeng\debug\timeng.lib
c:\users\hawmalt\desktop\timeng\timeng\timeng\debug\timeng.tlog\cl.command.1.tlog
c:\users\hawmalt\desktop\timeng\timeng\timeng\debug\timeng.tlog\cl.read.1.tlog
c:\users\hawmalt\desktop\timeng\timeng\timeng\debug\timeng.tlog\cl.write.1.tlog
c:\users\hawmalt\desktop\timeng\timeng\timeng\debug\timeng.tlog\lib-link.read.1.tlog
c:\users\hawmalt\desktop\timeng\timeng\timeng\debug\timeng.tlog\lib-link.write.1.tlog
c:\users\hawmalt\desktop\timeng\timeng\timeng\debug\timeng.tlog\lib.command.1.tlog
