Build started 11/8/2015 10:34:57 AM.
     1>Project "C:\Users\Hawmalt\Desktop\TimEng\TimEng\ZombieGame\ZombieGame.vcxproj" on node 2 (Build target(s)).
     1>ClCompile:
         C:\Program Files (x86)\Microsoft Visual Studio 12.0\VC\bin\CL.exe /c /ZI /nologo /W3 /WX- /sdl /Od /Oy- /D _MBCS /Gm /EHsc /RTC1 /MDd /GS /fp:precise /Zc:wchar_t /Zc:forScope /Fo"Debug\\" /Fd"Debug\vc120.pdb" /Gd /TP /analyze- /errorReport:prompt MainGame.cpp
         MainGame.cpp
     1>c:\users\hawmalt\desktop\timeng\timeng\zombiegame\maingame.cpp(32): warning C4018: '<' : signed/unsigned mismatch
     1>c:\users\hawmalt\desktop\timeng\timeng\zombiegame\maingame.cpp(35): warning C4018: '<' : signed/unsigned mismatch
     1>c:\users\hawmalt\desktop\timeng\timeng\zombiegame\maingame.cpp(38): warning C4018: '<' : signed/unsigned mismatch
     1>c:\users\hawmalt\desktop\timeng\timeng\zombiegame\maingame.cpp(79): warning C4244: 'argument' : conversion from 'time_t' to 'unsigned long', possible loss of data
     1>c:\users\hawmalt\desktop\timeng\timeng\zombiegame\maingame.cpp(92): warning C4018: '<' : signed/unsigned mismatch
     1>c:\users\hawmalt\desktop\timeng\timeng\zombiegame\maingame.cpp(129): warning C4244: 'initializing' : conversion from 'Uint32' to 'float', possible loss of data
     1>c:\users\hawmalt\desktop\timeng\timeng\zombiegame\maingame.cpp(134): warning C4244: 'initializing' : conversion from 'Uint32' to 'float', possible loss of data
     1>c:\users\hawmalt\desktop\timeng\timeng\zombiegame\maingame.cpp(168): warning C4018: '<' : signed/unsigned mismatch
     1>c:\users\hawmalt\desktop\timeng\timeng\zombiegame\maingame.cpp(172): warning C4018: '<' : signed/unsigned mismatch
     1>c:\users\hawmalt\desktop\timeng\timeng\zombiegame\maingame.cpp(176): warning C4018: '<' : signed/unsigned mismatch
     1>c:\users\hawmalt\desktop\timeng\timeng\zombiegame\maingame.cpp(177): warning C4018: '<' : signed/unsigned mismatch
     1>c:\users\hawmalt\desktop\timeng\timeng\zombiegame\maingame.cpp(180): warning C4018: '<' : signed/unsigned mismatch
     1>c:\users\hawmalt\desktop\timeng\timeng\zombiegame\maingame.cpp(196): warning C4018: '<' : signed/unsigned mismatch
     1>c:\users\hawmalt\desktop\timeng\timeng\zombiegame\maingame.cpp(197): warning C4018: '<' : signed/unsigned mismatch
     1>c:\users\hawmalt\desktop\timeng\timeng\zombiegame\maingame.cpp(206): warning C4018: '<' : signed/unsigned mismatch
     1>c:\users\hawmalt\desktop\timeng\timeng\zombiegame\maingame.cpp(218): warning C4018: '<' : signed/unsigned mismatch
     1>c:\users\hawmalt\desktop\timeng\timeng\zombiegame\maingame.cpp(220): warning C4018: '<' : signed/unsigned mismatch
     1>c:\users\hawmalt\desktop\timeng\timeng\zombiegame\maingame.cpp(244): warning C4018: '<' : signed/unsigned mismatch
     1>c:\users\hawmalt\desktop\timeng\timeng\zombiegame\maingame.cpp(288): warning C4244: 'argument' : conversion from 'Sint32' to 'float', possible loss of data
     1>c:\users\hawmalt\desktop\timeng\timeng\zombiegame\maingame.cpp(330): warning C4018: '<' : signed/unsigned mismatch
     1>c:\users\hawmalt\desktop\timeng\timeng\zombiegame\maingame.cpp(336): warning C4018: '<' : signed/unsigned mismatch
     1>c:\users\hawmalt\desktop\timeng\timeng\zombiegame\maingame.cpp(342): warning C4018: '<' : signed/unsigned mismatch
       Link:
         C:\Program Files (x86)\Microsoft Visual Studio 12.0\VC\bin\link.exe /ERRORREPORT:PROMPT /OUT:"C:\Users\Hawmalt\Desktop\TimEng\TimEng\Debug\ZombieGame.exe" /INCREMENTAL /NOLOGO SDL2.lib SDL2main.lib SDL2_ttf.lib opengl32.lib glew32.lib TimEng.lib kernel32.lib user32.lib gdi32.lib winspool.lib comdlg32.lib advapi32.lib shell32.lib ole32.lib oleaut32.lib uuid.lib odbc32.lib odbccp32.lib /MANIFEST /MANIFESTUAC:"level='asInvoker' uiAccess='false'" /manifest:embed /DEBUG /PDB:"C:\Users\Hawmalt\Desktop\TimEng\TimEng\Debug\ZombieGame.pdb" /SUBSYSTEM:CONSOLE /TLBID:1 /DYNAMICBASE /NXCOMPAT /IMPLIB:"C:\Users\Hawmalt\Desktop\TimEng\TimEng\Debug\ZombieGame.lib" /MACHINE:X86 Debug\Agent.obj
         Debug\Bullet.obj
         Debug\Gun.obj
         Debug\Human.obj
         Debug\Level.obj
         Debug\main.obj
         Debug\MainGame.obj
         Debug\Player.obj
         Debug\Zombie.obj
     1>MSVCRTD.lib(cinitexe.obj) : warning LNK4098: defaultlib 'msvcrt.lib' conflicts with use of other libs; use /NODEFAULTLIB:library
         ZombieGame.vcxproj -> C:\Users\Hawmalt\Desktop\TimEng\TimEng\Debug\ZombieGame.exe
     1>Done Building Project "C:\Users\Hawmalt\Desktop\TimEng\TimEng\ZombieGame\ZombieGame.vcxproj" (Build target(s)).

Build succeeded.

Time Elapsed 00:00:06.09
