c:\users\hawmalt\desktop\timeng\timeng\timeng\release\vc120.pdb
c:\users\hawmalt\desktop\timeng\timeng\timeng\release\picopng.obj
c:\users\hawmalt\desktop\timeng\timeng\timeng\release\iomanager.obj
c:\users\hawmalt\desktop\timeng\timeng\timeng\release\window.obj
c:\users\hawmalt\desktop\timeng\timeng\timeng\release\timing.obj
c:\users\hawmalt\desktop\timeng\timeng\timeng\release\timeng.obj
c:\users\hawmalt\desktop\timeng\timeng\timeng\release\texturecache.obj
c:\users\hawmalt\desktop\timeng\timeng\timeng\release\spritebatch.obj
c:\users\hawmalt\desktop\timeng\timeng\timeng\release\sprite.obj
c:\users\hawmalt\desktop\timeng\timeng\timeng\release\resourcemanager.obj
c:\users\hawmalt\desktop\timeng\timeng\timeng\release\inputmanager.obj
c:\users\hawmalt\desktop\timeng\timeng\timeng\release\imageloader.obj
c:\users\hawmalt\desktop\timeng\timeng\timeng\release\glslprogram.obj
c:\users\hawmalt\desktop\timeng\timeng\timeng\release\errors.obj
c:\users\hawmalt\desktop\timeng\timeng\timeng\release\camera2d.obj
c:\users\hawmalt\desktop\timeng\timeng\timeng\release\timengerrors.obj
c:\users\hawmalt\desktop\timeng\timeng\timeng\release\particleengine2d.obj
c:\users\hawmalt\desktop\timeng\timeng\timeng\release\particlebatch2d.obj
c:\users\hawmalt\desktop\timeng\timeng\timeng\release\audioengine.obj
c:\users\hawmalt\desktop\timeng\timeng\timeng\release\spritefont.obj
c:\users\hawmalt\desktop\timeng\timeng\timeng\release\screenlist.obj
c:\users\hawmalt\desktop\timeng\timeng\timeng\release\imaingame.obj
c:\users\hawmalt\desktop\timeng\timeng\release\timeng.lib
c:\users\hawmalt\desktop\timeng\timeng\timeng\release\timeng.tlog\cl.command.1.tlog
c:\users\hawmalt\desktop\timeng\timeng\timeng\release\timeng.tlog\cl.read.1.tlog
c:\users\hawmalt\desktop\timeng\timeng\timeng\release\timeng.tlog\cl.write.1.tlog
c:\users\hawmalt\desktop\timeng\timeng\timeng\release\timeng.tlog\lib-link.read.1.tlog
c:\users\hawmalt\desktop\timeng\timeng\timeng\release\timeng.tlog\lib-link.write.1.tlog
c:\users\hawmalt\desktop\timeng\timeng\timeng\release\timeng.tlog\lib.command.1.tlog
