Build started 11/16/2015 9:29:28 AM.
     1>Project "C:\Users\Hawmalt\Desktop\TimEng\TimEng\Dependencies\Box2D-master\Box2D\Build\vs2013\glfw.vcxproj" on node 2 (Build target(s)).
     1>ClCompile:
         C:\Program Files (x86)\Microsoft Visual Studio 12.0\VC\bin\CL.exe /c /Zi /nologo /W3 /WX- /O2 /Oi /Oy- /D WIN32 /D NDEBUG /D _LIB /D _CRT_SECURE_NO_WARNINGS /D _UNICODE /D UNICODE /Gm- /EHsc /MD /GS /Gy /fp:precise /Zc:wchar_t /Zc:forScope /Fo"obj\x32\Release\glfw\\" /Fd"bin\x32\Release\glfw.pdb" /Gd /TC /analyze- /errorReport:prompt ..\..\glfw\clipboard.c ..\..\glfw\context.c ..\..\glfw\gamma.c ..\..\glfw\init.c ..\..\glfw\input.c ..\..\glfw\joystick.c ..\..\glfw\monitor.c ..\..\glfw\time.c ..\..\glfw\wgl_context.c ..\..\glfw\win32_clipboard.c ..\..\glfw\win32_gamma.c ..\..\glfw\win32_init.c ..\..\glfw\win32_joystick.c ..\..\glfw\win32_monitor.c ..\..\glfw\win32_time.c ..\..\glfw\win32_window.c ..\..\glfw\window.c
         clipboard.c
         context.c
         gamma.c
         init.c
         input.c
         joystick.c
         monitor.c
         time.c
         wgl_context.c
         win32_clipboard.c
         win32_gamma.c
         win32_init.c
         win32_joystick.c
         win32_monitor.c
         win32_time.c
         win32_window.c
         window.c
         Generating Code...
       Lib:
         C:\Program Files (x86)\Microsoft Visual Studio 12.0\VC\bin\Lib.exe /OUT:"bin\x32\Release\glfw.lib" /NOLOGO obj\x32\Release\glfw\clipboard.obj
         obj\x32\Release\glfw\context.obj
         obj\x32\Release\glfw\gamma.obj
         obj\x32\Release\glfw\init.obj
         obj\x32\Release\glfw\input.obj
         obj\x32\Release\glfw\joystick.obj
         obj\x32\Release\glfw\monitor.obj
         obj\x32\Release\glfw\time.obj
         obj\x32\Release\glfw\wgl_context.obj
         obj\x32\Release\glfw\win32_clipboard.obj
         obj\x32\Release\glfw\win32_gamma.obj
         obj\x32\Release\glfw\win32_init.obj
         obj\x32\Release\glfw\win32_joystick.obj
         obj\x32\Release\glfw\win32_monitor.obj
         obj\x32\Release\glfw\win32_time.obj
         obj\x32\Release\glfw\win32_window.obj
         obj\x32\Release\glfw\window.obj
         glfw.vcxproj -> C:\Users\Hawmalt\Desktop\TimEng\TimEng\Dependencies\Box2D-master\Box2D\Build\vs2013\bin\x32\Release\glfw.lib
     1>Done Building Project "C:\Users\Hawmalt\Desktop\TimEng\TimEng\Dependencies\Box2D-master\Box2D\Build\vs2013\glfw.vcxproj" (Build target(s)).

Build succeeded.

Time Elapsed 00:00:23.63
